<?xml version="1.0" encoding="UTF-8"?>
<testsuite xmlns:xsi="http://www.w3.org/2001/XMLSchema-instance" xsi:noNamespaceSchemaLocation="https://maven.apache.org/surefire/maven-surefire-plugin/xsd/surefire-test-report.xsd" version="3.0.2" name="com.example.demo.DemoApplicationTests" time="5.993" tests="1" errors="0" skipped="0" failures="0">
  <properties>
[...]
</properties>
  <testcase name="testSaveAndLoadPlayer" classname="com.example.demo.DemoApplicationTests" time="1.084">
    <system-out><![CDATA[15:02:09.078 [main] INFO org.springframework.test.context.support.AnnotationConfigContextLoaderUtils -- Could not detect default configuration classes for test class [com.example.demo.DemoApplicationTests]: DemoApplicationTests does not declare any static, non-private, non-final, nested classes annotated with @Configuration.
15:02:09.337 [main] INFO org.springframework.boot.test.context.SpringBootTestContextBootstrapper -- Found @SpringBootConfiguration com.example.demo.DemoApplication for test class com.example.demo.DemoApplicationTests

  .   ____          _            __ _ _
 /\\ / ___'_ __ _ _(_)_ __  __ _ \ \ \ \
( ( )\___ | '_ | '_| | '_ \/ _` | \ \ \ \
 \\/  ___)| |_)| | | | | || (_| |  ) ) ) )
  '  |____| .__|_| |_|_| |_\__, | / / / /
 =========|_|==============|___/=/_/_/_/

 :: Spring Boot ::                (v3.4.5)

2025-05-07T15:02:10.157Z  INFO 293555 --- [demo] [           main] com.example.demo.DemoApplicationTests    : Starting DemoApplicationTests using Java 17.0.14 with PID 293555 (started by vscode in /workspaces/codespaces-blank/Spring-boot-main/demo)
2025-05-07T15:02:10.160Z  INFO 293555 --- [demo] [           main] com.example.demo.DemoApplicationTests    : No active profile set, falling back to 1 default profile: "default"
2025-05-07T15:02:10.819Z  INFO 293555 --- [demo] [           main] .s.d.r.c.RepositoryConfigurationDelegate : Bootstrapping Spring Data JPA repositories in DEFAULT mode.
2025-05-07T15:02:10.900Z  INFO 293555 --- [demo] [           main] .s.d.r.c.RepositoryConfigurationDelegate : Finished Spring Data repository scanning in 69 ms. Found 1 JPA repository interface.
2025-05-07T15:02:10.985Z  INFO 293555 --- [demo] [           main] beddedDataSourceBeanFactoryPostProcessor : Replacing 'dataSource' DataSource bean with embedded version
2025-05-07T15:02:11.108Z  INFO 293555 --- [demo] [           main] o.s.j.d.e.EmbeddedDatabaseFactory        : Starting embedded database: url='jdbc:h2:mem:929a6c15-de1e-49e4-add1-018a7e7955bb;DB_CLOSE_DELAY=-1;DB_CLOSE_ON_EXIT=false', username='sa'
2025-05-07T15:02:11.486Z  INFO 293555 --- [demo] [           main] o.hibernate.jpa.internal.util.LogHelper  : HHH000204: Processing PersistenceUnitInfo [name: default]
2025-05-07T15:02:11.541Z  INFO 293555 --- [demo] [           main] org.hibernate.Version                    : HHH000412: Hibernate ORM core version 6.6.13.Final
2025-05-07T15:02:11.584Z  INFO 293555 --- [demo] [           main] o.h.c.internal.RegionFactoryInitiator    : HHH000026: Second-level cache disabled
2025-05-07T15:02:11.921Z  INFO 293555 --- [demo] [           main] o.s.o.j.p.SpringPersistenceUnitInfo      : No LoadTimeWeaver setup: ignoring JPA class transformer
2025-05-07T15:02:12.046Z  INFO 293555 --- [demo] [           main] org.hibernate.orm.connections.pooling    : HHH10001005: Database info:
	Database JDBC URL [Connecting through datasource 'org.springframework.jdbc.datasource.embedded.EmbeddedDatabaseFactory$EmbeddedDataSourceProxy@3869a6e5']
	Database driver: undefined/unknown
	Database version: 2.3.232
	Autocommit mode: undefined/unknown
	Isolation level: undefined/unknown
	Minimum pool size: undefined/unknown
	Maximum pool size: undefined/unknown
2025-05-07T15:02:13.147Z  INFO 293555 --- [demo] [           main] o.h.e.t.j.p.i.JtaPlatformInitiator       : HHH000489: No JTA platform available (set 'hibernate.transaction.jta.platform' to enable JTA platform integration)
Hibernate: create table player (id bigint generated by default as identity, attack integer not null, current_room_id varchar(255), hp integer not null, kill_count integer not null, max_hp integer not null, monster_hp_map_json TEXT, name varchar(255), total_damage integer not null, primary key (id))
Hibernate: create table player_inventory (player_id bigint not null, quantity integer, item_name varchar(255) not null, primary key (player_id, item_name))
Hibernate: create table player_skills (player_id bigint not null, skill_name varchar(255))
Hibernate: create table player_used_skills (player_id bigint not null, used_skill_name varchar(255))
Hibernate: alter table if exists player_inventory add constraint FKt779n0k4wlt8dioorwg77afw5 foreign key (player_id) references player
Hibernate: alter table if exists player_skills add constraint FK3sru60wla04hf4rbgkihbfivj foreign key (player_id) references player
Hibernate: alter table if exists player_used_skills add constraint FKjn671c8ck0yyyjfcmsk71j2dn foreign key (player_id) references player
2025-05-07T15:02:13.288Z  INFO 293555 --- [demo] [           main] j.LocalContainerEntityManagerFactoryBean : Initialized JPA EntityManagerFactory for persistence unit 'default'
2025-05-07T15:02:13.749Z  INFO 293555 --- [demo] [           main] com.example.demo.DemoApplicationTests    : Started DemoApplicationTests in 4.312 seconds (process running for 5.7)
Hibernate: insert into player (attack,current_room_id,hp,kill_count,max_hp,monster_hp_map_json,name,total_damage,id) values (?,?,?,?,?,?,?,?,default)
儲存後的玩家資料：
ID: 1
Name: 勇者
HP: 100
MaxHP: 100
Attack: 15
SkillNames: [fireball, heal]
TotalDamage: 0
KillCount: 0
-----------------------------
讀取後的玩家資料：
ID: 1
Name: 勇者
HP: 100
MaxHP: 100
Attack: 15
SkillNames: [fireball, heal]
TotalDamage: 0
KillCount: 0
-----------------------------
Hibernate: select p1_0.id,p1_0.attack,p1_0.current_room_id,p1_0.hp,p1_0.kill_count,p1_0.max_hp,p1_0.monster_hp_map_json,p1_0.name,p1_0.total_damage from player p1_0
]]></system-out>
  </testcase>
</testsuite>